# JRE version: OpenJDK Runtime Environment (8.0_152-b02) (build 1.8.0_152-release-1024-b02)
# Java VM: OpenJDK 64-Bit Server VM (25.152-b02 mixed mode windows-amd64 compressed oops)
Heap:
 PSYoungGen      total 152576K, used 75970K [0x00000000e0000000, 0x00000000eae80000, 0x0000000100000000)
  eden space 126464K, 39% used [0x00000000e0000000,0x00000000e30b4a80,0x00000000e7b80000)
  from space 26112K, 99% used [0x00000000e9500000,0x00000000eae7c020,0x00000000eae80000)
  to   space 14336K, 0% used [0x00000000e7f00000,0x00000000e7f00000,0x00000000e8d00000)
 ParOldGen       total 140800K, used 29896K [0x00000000a0000000, 0x00000000a8980000, 0x00000000e0000000)
  object space 140800K, 21% used [0x00000000a0000000,0x00000000a1d32188,0x00000000a8980000)
 Metaspace       used 87538K, capacity 91087K, committed 92760K, reserved 1130496K
  class space    used 11312K, capacity 12016K, committed 12416K, reserved 1048576K
GC Heap History (10 events):
Event: 1943.305 GC heap before
{Heap before GC invocations=28 (full 3):
 PSYoungGen      total 157696K, used 152901K [0x00000000e0000000, 0x00000000eb780000, 0x0000000100000000)
  eden space 133632K, 100% used [0x00000000e0000000,0x00000000e8280000,0x00000000e8280000)
  from space 24064K, 80% used [0x00000000ea000000,0x00000000eb2d1448,0x00000000eb780000)
  to   space 27136K, 0% used [0x00000000e8280000,0x00000000e8280000,0x00000000e9d00000)
 ParOldGen       total 140800K, used 33015K [0x00000000a0000000, 0x00000000a8980000, 0x00000000e0000000)
  object space 140800K, 23% used [0x00000000a0000000,0x00000000a203dea0,0x00000000a8980000)
 Metaspace       used 82970K, capacity 87207K, committed 87384K, reserved 1124352K
  class space    used 10820K, capacity 11605K, committed 11648K, reserved 1048576K
Event: 1943.328 GC heap after
Heap after GC invocations=28 (full 3):
 PSYoungGen      total 149504K, used 19425K [0x00000000e0000000, 0x00000000eb400000, 0x0000000100000000)
  eden space 130048K, 0% used [0x00000000e0000000,0x00000000e0000000,0x00000000e7f00000)
  from space 19456K, 99% used [0x00000000e8280000,0x00000000e9578408,0x00000000e9580000)
  to   space 27136K, 0% used [0x00000000e9980000,0x00000000e9980000,0x00000000eb400000)
 ParOldGen       total 140800K, used 33023K [0x00000000a0000000, 0x00000000a8980000, 0x00000000e0000000)
  object space 140800K, 23% used [0x00000000a0000000,0x00000000a203fea0,0x00000000a8980000)
 Metaspace       used 82970K, capacity 87207K, committed 87384K, reserved 1124352K
  class space    used 10820K, capacity 11605K, committed 11648K, reserved 1048576K
}
Event: 3631.597 GC heap before
{Heap before GC invocations=29 (full 3):
 PSYoungGen      total 149504K, used 63417K [0x00000000e0000000, 0x00000000eb400000, 0x0000000100000000)
  eden space 130048K, 33% used [0x00000000e0000000,0x00000000e2af6370,0x00000000e7f00000)
  from space 19456K, 99% used [0x00000000e8280000,0x00000000e9578408,0x00000000e9580000)
  to   space 27136K, 0% used [0x00000000e9980000,0x00000000e9980000,0x00000000eb400000)
 ParOldGen       total 140800K, used 33023K [0x00000000a0000000, 0x00000000a8980000, 0x00000000e0000000)
  object space 140800K, 23% used [0x00000000a0000000,0x00000000a203fea0,0x00000000a8980000)
 Metaspace       used 85500K, capacity 89783K, committed 89944K, reserved 1128448K
  class space    used 11064K, capacity 11865K, committed 11904K, reserved 1048576K
Event: 3631.668 GC heap after
Heap after GC invocations=29 (full 3):
 PSYoungGen      total 156160K, used 17297K [0x00000000e0000000, 0x00000000eb300000, 0x0000000100000000)
  eden space 130048K, 0% used [0x00000000e0000000,0x00000000e0000000,0x00000000e7f00000)
  from space 26112K, 66% used [0x00000000e9980000,0x00000000eaa64678,0x00000000eb300000)
  to   space 26624K, 0% used [0x00000000e7f00000,0x00000000e7f00000,0x00000000e9900000)
 ParOldGen       total 140800K, used 33031K [0x00000000a0000000, 0x00000000a8980000, 0x00000000e0000000)
  object space 140800K, 23% used [0x00000000a0000000,0x00000000a2041ea0,0x00000000a8980000)
 Metaspace       used 85500K, capacity 89783K, committed 89944K, reserved 1128448K
  class space    used 11064K, capacity 11865K, committed 11904K, reserved 1048576K
}
Event: 3631.668 GC heap before
{Heap before GC invocations=30 (full 4):
 PSYoungGen      total 156160K, used 17297K [0x00000000e0000000, 0x00000000eb300000, 0x0000000100000000)
  eden space 130048K, 0% used [0x00000000e0000000,0x00000000e0000000,0x00000000e7f00000)
  from space 26112K, 66% used [0x00000000e9980000,0x00000000eaa64678,0x00000000eb300000)
  to   space 26624K, 0% used [0x00000000e7f00000,0x00000000e7f00000,0x00000000e9900000)
 ParOldGen       total 140800K, used 33031K [0x00000000a0000000, 0x00000000a8980000, 0x00000000e0000000)
  object space 140800K, 23% used [0x00000000a0000000,0x00000000a2041ea0,0x00000000a8980000)
 Metaspace       used 85500K, capacity 89783K, committed 89944K, reserved 1128448K
  class space    used 11064K, capacity 11865K, committed 11904K, reserved 1048576K
Event: 3631.975 GC heap after
Heap after GC invocations=30 (full 4):
 PSYoungGen      total 156160K, used 0K [0x00000000e0000000, 0x00000000eb300000, 0x0000000100000000)
  eden space 130048K, 0% used [0x00000000e0000000,0x00000000e0000000,0x00000000e7f00000)
  from space 26112K, 0% used [0x00000000e9980000,0x00000000e9980000,0x00000000eb300000)
  to   space 26624K, 0% used [0x00000000e7f00000,0x00000000e7f00000,0x00000000e9900000)
 ParOldGen       total 140800K, used 28800K [0x00000000a0000000, 0x00000000a8980000, 0x00000000e0000000)
  object space 140800K, 20% used [0x00000000a0000000,0x00000000a1c20070,0x00000000a8980000)
 Metaspace       used 83636K, capacity 86377K, committed 89944K, reserved 1128448K
  class space    used 10694K, capacity 11242K, committed 11904K, reserved 1048576K
}
Event: 4060.049 GC heap before
{Heap before GC invocations=31 (full 4):
 PSYoungGen      total 156160K, used 130048K [0x00000000e0000000, 0x00000000eb300000, 0x0000000100000000)
  eden space 130048K, 100% used [0x00000000e0000000,0x00000000e7f00000,0x00000000e7f00000)
  from space 26112K, 0% used [0x00000000e9980000,0x00000000e9980000,0x00000000eb300000)
  to   space 26624K, 0% used [0x00000000e7f00000,0x00000000e7f00000,0x00000000e9900000)
 ParOldGen       total 140800K, used 28802K [0x00000000a0000000, 0x00000000a8980000, 0x00000000e0000000)
  object space 140800K, 20% used [0x00000000a0000000,0x00000000a1c208a8,0x00000000a8980000)
 Metaspace       used 86364K, capacity 89685K, committed 92120K, reserved 1128448K
  class space    used 11126K, capacity 11776K, committed 12288K, reserved 1048576K
Event: 4060.080 GC heap after
Heap after GC invocations=31 (full 4):
 PSYoungGen      total 140800K, used 13982K [0x00000000e0000000, 0x00000000eae80000, 0x0000000100000000)
  eden space 126464K, 0% used [0x00000000e0000000,0x00000000e0000000,0x00000000e7b80000)
  from space 14336K, 97% used [0x00000000e7f00000,0x00000000e8ca79a8,0x00000000e8d00000)
  to   space 26112K, 0% used [0x00000000e9500000,0x00000000e9500000,0x00000000eae80000)
 ParOldGen       total 140800K, used 28810K [0x00000000a0000000, 0x00000000a8980000, 0x00000000e0000000)
  object space 140800K, 20% used [0x00000000a0000000,0x00000000a1c228a8,0x00000000a8980000)
 Metaspace       used 86364K, capacity 89685K, committed 92120K, reserved 1128448K
  class space    used 11126K, capacity 11776K, committed 12288K, reserved 1048576K
}
Event: 4061.686 GC heap before
{Heap before GC invocations=32 (full 4):
 PSYoungGen      total 140800K, used 140446K [0x00000000e0000000, 0x00000000eae80000, 0x0000000100000000)
  eden space 126464K, 100% used [0x00000000e0000000,0x00000000e7b80000,0x00000000e7b80000)
  from space 14336K, 97% used [0x00000000e7f00000,0x00000000e8ca79a8,0x00000000e8d00000)
  to   space 26112K, 0% used [0x00000000e9500000,0x00000000e9500000,0x00000000eae80000)
 ParOldGen       total 140800K, used 28810K [0x00000000a0000000, 0x00000000a8980000, 0x00000000e0000000)
  object space 140800K, 20% used [0x00000000a0000000,0x00000000a1c228a8,0x00000000a8980000)
 Metaspace       used 87075K, capacity 90415K, committed 92376K, reserved 1130496K
  class space    used 11246K, capacity 11906K, committed 12288K, reserved 1048576K
Event: 4061.778 GC heap after
Heap after GC invocations=32 (full 4):
 PSYoungGen      total 152576K, used 26096K [0x00000000e0000000, 0x00000000eae80000, 0x0000000100000000)
  eden space 126464K, 0% used [0x00000000e0000000,0x00000000e0000000,0x00000000e7b80000)
  from space 26112K, 99% used [0x00000000e9500000,0x00000000eae7c020,0x00000000eae80000)
  to   space 14336K, 0% used [0x00000000e7f00000,0x00000000e7f00000,0x00000000e8d00000)
 ParOldGen       total 140800K, used 29896K [0x00000000a0000000, 0x00000000a8980000, 0x00000000e0000000)
  object space 140800K, 21% used [0x00000000a0000000,0x00000000a1d32188,0x00000000a8980000)
 Metaspace       used 87075K, capacity 90415K, committed 92376K, reserved 1130496K
  class space    used 11246K, capacity 11906K, committed 12288K, reserved 1048576K
}

