# JRE version: OpenJDK Runtime Environment (8.0_152-b02) (build 1.8.0_152-release-1024-b02)
# Java VM: OpenJDK 64-Bit Server VM (25.152-b02 mixed mode windows-amd64 compressed oops)
Heap:
 PSYoungGen      total 204288K, used 77439K [0x00000000e0000000, 0x00000000efc80000, 0x0000000100000000)
  eden space 183808K, 33% used [0x00000000e0000000,0x00000000e3cd26c8,0x00000000eb380000)
  from space 20480K, 74% used [0x00000000eb380000,0x00000000ec24d5d0,0x00000000ec780000)
  to   space 21504K, 0% used [0x00000000ee780000,0x00000000ee780000,0x00000000efc80000)
 ParOldGen       total 98816K, used 34586K [0x00000000a0000000, 0x00000000a6080000, 0x00000000e0000000)
  object space 98816K, 35% used [0x00000000a0000000,0x00000000a21c6980,0x00000000a6080000)
 Metaspace       used 66949K, capacity 69159K, committed 69336K, reserved 1110016K
  class space    used 8868K, capacity 9381K, committed 9472K, reserved 1048576K
GC Heap History (10 events):
Event: 7.270 GC heap before
{Heap before GC invocations=10 (full 2):
 PSYoungGen      total 140800K, used 130560K [0x00000000e0000000, 0x00000000eb280000, 0x0000000100000000)
  eden space 130560K, 100% used [0x00000000e0000000,0x00000000e7f80000,0x00000000e7f80000)
  from space 10240K, 0% used [0x00000000e7f80000,0x00000000e7f80000,0x00000000e8980000)
  to   space 12800K, 0% used [0x00000000ea600000,0x00000000ea600000,0x00000000eb280000)
 ParOldGen       total 98816K, used 19438K [0x00000000a0000000, 0x00000000a6080000, 0x00000000e0000000)
  object space 98816K, 19% used [0x00000000a0000000,0x00000000a12fb9e0,0x00000000a6080000)
 Metaspace       used 42933K, capacity 43756K, committed 44120K, reserved 1087488K
  class space    used 5874K, capacity 6163K, committed 6272K, reserved 1048576K
Event: 7.292 GC heap after
Heap after GC invocations=10 (full 2):
 PSYoungGen      total 167424K, used 12787K [0x00000000e0000000, 0x00000000ecf00000, 0x0000000100000000)
  eden space 154624K, 0% used [0x00000000e0000000,0x00000000e0000000,0x00000000e9700000)
  from space 12800K, 99% used [0x00000000ea600000,0x00000000eb27ce70,0x00000000eb280000)
  to   space 15360K, 0% used [0x00000000e9700000,0x00000000e9700000,0x00000000ea600000)
 ParOldGen       total 98816K, used 20830K [0x00000000a0000000, 0x00000000a6080000, 0x00000000e0000000)
  object space 98816K, 21% used [0x00000000a0000000,0x00000000a14579a0,0x00000000a6080000)
 Metaspace       used 42933K, capacity 43756K, committed 44120K, reserved 1087488K
  class space    used 5874K, capacity 6163K, committed 6272K, reserved 1048576K
}
Event: 9.803 GC heap before
{Heap before GC invocations=11 (full 2):
 PSYoungGen      total 167424K, used 167411K [0x00000000e0000000, 0x00000000ecf00000, 0x0000000100000000)
  eden space 154624K, 100% used [0x00000000e0000000,0x00000000e9700000,0x00000000e9700000)
  from space 12800K, 99% used [0x00000000ea600000,0x00000000eb27ce70,0x00000000eb280000)
  to   space 15360K, 0% used [0x00000000e9700000,0x00000000e9700000,0x00000000ea600000)
 ParOldGen       total 98816K, used 20830K [0x00000000a0000000, 0x00000000a6080000, 0x00000000e0000000)
  object space 98816K, 21% used [0x00000000a0000000,0x00000000a14579a0,0x00000000a6080000)
 Metaspace       used 55014K, capacity 56628K, committed 56792K, reserved 1097728K
  class space    used 7503K, capacity 7879K, committed 7936K, reserved 1048576K
Event: 9.830 GC heap after
Heap after GC invocations=11 (full 2):
 PSYoungGen      total 169984K, used 15357K [0x00000000e0000000, 0x00000000ee000000, 0x0000000100000000)
  eden space 154624K, 0% used [0x00000000e0000000,0x00000000e0000000,0x00000000e9700000)
  from space 15360K, 99% used [0x00000000e9700000,0x00000000ea5ff520,0x00000000ea600000)
  to   space 20480K, 0% used [0x00000000ecc00000,0x00000000ecc00000,0x00000000ee000000)
 ParOldGen       total 98816K, used 28464K [0x00000000a0000000, 0x00000000a6080000, 0x00000000e0000000)
  object space 98816K, 28% used [0x00000000a0000000,0x00000000a1bcc0c8,0x00000000a6080000)
 Metaspace       used 55014K, capacity 56628K, committed 56792K, reserved 1097728K
  class space    used 7503K, capacity 7879K, committed 7936K, reserved 1048576K
}
Event: 15.429 GC heap before
{Heap before GC invocations=12 (full 2):
 PSYoungGen      total 169984K, used 87222K [0x00000000e0000000, 0x00000000ee000000, 0x0000000100000000)
  eden space 154624K, 46% used [0x00000000e0000000,0x00000000e462e5a8,0x00000000e9700000)
  from space 15360K, 99% used [0x00000000e9700000,0x00000000ea5ff520,0x00000000ea600000)
  to   space 20480K, 0% used [0x00000000ecc00000,0x00000000ecc00000,0x00000000ee000000)
 ParOldGen       total 98816K, used 28464K [0x00000000a0000000, 0x00000000a6080000, 0x00000000e0000000)
  object space 98816K, 28% used [0x00000000a0000000,0x00000000a1bcc0c8,0x00000000a6080000)
 Metaspace       used 57240K, capacity 59004K, committed 59028K, reserved 1099776K
  class space    used 7771K, capacity 8169K, committed 8192K, reserved 1048576K
Event: 15.451 GC heap after
Heap after GC invocations=12 (full 2):
 PSYoungGen      total 199680K, used 13054K [0x00000000e0000000, 0x00000000edb80000, 0x0000000100000000)
  eden space 183808K, 0% used [0x00000000e0000000,0x00000000e0000000,0x00000000eb380000)
  from space 15872K, 82% used [0x00000000ecc00000,0x00000000ed8bf808,0x00000000edb80000)
  to   space 20480K, 0% used [0x00000000eb380000,0x00000000eb380000,0x00000000ec780000)
 ParOldGen       total 98816K, used 36393K [0x00000000a0000000, 0x00000000a6080000, 0x00000000e0000000)
  object space 98816K, 36% used [0x00000000a0000000,0x00000000a238a7d0,0x00000000a6080000)
 Metaspace       used 57240K, capacity 59004K, committed 59028K, reserved 1099776K
  class space    used 7771K, capacity 8169K, committed 8192K, reserved 1048576K
}
Event: 15.451 GC heap before
{Heap before GC invocations=13 (full 3):
 PSYoungGen      total 199680K, used 13054K [0x00000000e0000000, 0x00000000edb80000, 0x0000000100000000)
  eden space 183808K, 0% used [0x00000000e0000000,0x00000000e0000000,0x00000000eb380000)
  from space 15872K, 82% used [0x00000000ecc00000,0x00000000ed8bf808,0x00000000edb80000)
  to   space 20480K, 0% used [0x00000000eb380000,0x00000000eb380000,0x00000000ec780000)
 ParOldGen       total 98816K, used 36393K [0x00000000a0000000, 0x00000000a6080000, 0x00000000e0000000)
  object space 98816K, 36% used [0x00000000a0000000,0x00000000a238a7d0,0x00000000a6080000)
 Metaspace       used 57240K, capacity 59004K, committed 59028K, reserved 1099776K
  class space    used 7771K, capacity 8169K, committed 8192K, reserved 1048576K
Event: 15.630 GC heap after
Heap after GC invocations=13 (full 3):
 PSYoungGen      total 199680K, used 0K [0x00000000e0000000, 0x00000000edb80000, 0x0000000100000000)
  eden space 183808K, 0% used [0x00000000e0000000,0x00000000e0000000,0x00000000eb380000)
  from space 15872K, 0% used [0x00000000ecc00000,0x00000000ecc00000,0x00000000edb80000)
  to   space 20480K, 0% used [0x00000000eb380000,0x00000000eb380000,0x00000000ec780000)
 ParOldGen       total 98816K, used 34578K [0x00000000a0000000, 0x00000000a6080000, 0x00000000e0000000)
  object space 98816K, 34% used [0x00000000a0000000,0x00000000a21c4980,0x00000000a6080000)
 Metaspace       used 57240K, capacity 59004K, committed 59028K, reserved 1099776K
  class space    used 7771K, capacity 8169K, committed 8192K, reserved 1048576K
}
Event: 105.514 GC heap before
{Heap before GC invocations=14 (full 3):
 PSYoungGen      total 199680K, used 183808K [0x00000000e0000000, 0x00000000edb80000, 0x0000000100000000)
  eden space 183808K, 100% used [0x00000000e0000000,0x00000000eb380000,0x00000000eb380000)
  from space 15872K, 0% used [0x00000000ecc00000,0x00000000ecc00000,0x00000000edb80000)
  to   space 20480K, 0% used [0x00000000eb380000,0x00000000eb380000,0x00000000ec780000)
 ParOldGen       total 98816K, used 34578K [0x00000000a0000000, 0x00000000a6080000, 0x00000000e0000000)
  object space 98816K, 34% used [0x00000000a0000000,0x00000000a21c4980,0x00000000a6080000)
 Metaspace       used 66605K, capacity 68715K, committed 68952K, reserved 1110016K
  class space    used 8847K, capacity 9323K, committed 9344K, reserved 1048576K
Event: 105.533 GC heap after
Heap after GC invocations=14 (full 3):
 PSYoungGen      total 204288K, used 15157K [0x00000000e0000000, 0x00000000efc80000, 0x0000000100000000)
  eden space 183808K, 0% used [0x00000000e0000000,0x00000000e0000000,0x00000000eb380000)
  from space 20480K, 74% used [0x00000000eb380000,0x00000000ec24d5d0,0x00000000ec780000)
  to   space 21504K, 0% used [0x00000000ee780000,0x00000000ee780000,0x00000000efc80000)
 ParOldGen       total 98816K, used 34586K [0x00000000a0000000, 0x00000000a6080000, 0x00000000e0000000)
  object space 98816K, 35% used [0x00000000a0000000,0x00000000a21c6980,0x00000000a6080000)
 Metaspace       used 66605K, capacity 68715K, committed 68952K, reserved 1110016K
  class space    used 8847K, capacity 9323K, committed 9344K, reserved 1048576K
}

