# JRE version: OpenJDK Runtime Environment (8.0_152-b02) (build 1.8.0_152-release-1024-b02)
# Java VM: OpenJDK 64-Bit Server VM (25.152-b02 mixed mode windows-amd64 compressed oops)
Heap:
 PSYoungGen      total 207360K, used 42042K [0x00000000e0000000, 0x00000000ee380000, 0x0000000100000000)
  eden space 192000K, 13% used [0x00000000e0000000,0x00000000e1a14df0,0x00000000ebb80000)
  from space 15360K, 99% used [0x00000000ed480000,0x00000000ee379ae0,0x00000000ee380000)
  to   space 20480K, 0% used [0x00000000ebb80000,0x00000000ebb80000,0x00000000ecf80000)
 ParOldGen       total 145920K, used 42621K [0x00000000a0000000, 0x00000000a8e80000, 0x00000000e0000000)
  object space 145920K, 29% used [0x00000000a0000000,0x00000000a299f548,0x00000000a8e80000)
 Metaspace       used 78025K, capacity 81129K, committed 81428K, reserved 1120256K
  class space    used 10320K, capacity 10961K, committed 11068K, reserved 1048576K
GC Heap History (10 events):
Event: 14.137 GC heap before
{Heap before GC invocations=11 (full 2):
 PSYoungGen      total 176640K, used 176634K [0x00000000e0000000, 0x00000000ece80000, 0x0000000100000000)
  eden space 163840K, 100% used [0x00000000e0000000,0x00000000ea000000,0x00000000ea000000)
  from space 12800K, 99% used [0x00000000eae80000,0x00000000ebafeb78,0x00000000ebb00000)
  to   space 14848K, 0% used [0x00000000ea000000,0x00000000ea000000,0x00000000eae80000)
 ParOldGen       total 98304K, used 20728K [0x00000000a0000000, 0x00000000a6000000, 0x00000000e0000000)
  object space 98304K, 21% used [0x00000000a0000000,0x00000000a143e1a0,0x00000000a6000000)
 Metaspace       used 54700K, capacity 56092K, committed 56408K, reserved 1097728K
  class space    used 7422K, capacity 7747K, committed 7808K, reserved 1048576K
Event: 14.165 GC heap after
Heap after GC invocations=11 (full 2):
 PSYoungGen      total 178688K, used 14821K [0x00000000e0000000, 0x00000000ee880000, 0x0000000100000000)
  eden space 163840K, 0% used [0x00000000e0000000,0x00000000e0000000,0x00000000ea000000)
  from space 14848K, 99% used [0x00000000ea000000,0x00000000eae79530,0x00000000eae80000)
  to   space 20480K, 0% used [0x00000000ed480000,0x00000000ed480000,0x00000000ee880000)
 ParOldGen       total 98304K, used 29631K [0x00000000a0000000, 0x00000000a6000000, 0x00000000e0000000)
  object space 98304K, 30% used [0x00000000a0000000,0x00000000a1ceffb8,0x00000000a6000000)
 Metaspace       used 54700K, capacity 56092K, committed 56408K, reserved 1097728K
  class space    used 7422K, capacity 7747K, committed 7808K, reserved 1048576K
}
Event: 25.553 GC heap before
{Heap before GC invocations=12 (full 2):
 PSYoungGen      total 178688K, used 169117K [0x00000000e0000000, 0x00000000ee880000, 0x0000000100000000)
  eden space 163840K, 94% used [0x00000000e0000000,0x00000000e96ae158,0x00000000ea000000)
  from space 14848K, 99% used [0x00000000ea000000,0x00000000eae79530,0x00000000eae80000)
  to   space 20480K, 0% used [0x00000000ed480000,0x00000000ed480000,0x00000000ee880000)
 ParOldGen       total 98304K, used 29631K [0x00000000a0000000, 0x00000000a6000000, 0x00000000e0000000)
  object space 98304K, 30% used [0x00000000a0000000,0x00000000a1ceffb8,0x00000000a6000000)
 Metaspace       used 57406K, capacity 58952K, committed 59028K, reserved 1099776K
  class space    used 7683K, capacity 8065K, committed 8124K, reserved 1048576K
Event: 25.573 GC heap after
Heap after GC invocations=12 (full 2):
 PSYoungGen      total 207360K, used 12129K [0x00000000e0000000, 0x00000000ee380000, 0x0000000100000000)
  eden space 192000K, 0% used [0x00000000e0000000,0x00000000e0000000,0x00000000ebb80000)
  from space 15360K, 78% used [0x00000000ed480000,0x00000000ee058718,0x00000000ee380000)
  to   space 20480K, 0% used [0x00000000ebb80000,0x00000000ebb80000,0x00000000ecf80000)
 ParOldGen       total 98304K, used 36477K [0x00000000a0000000, 0x00000000a6000000, 0x00000000e0000000)
  object space 98304K, 37% used [0x00000000a0000000,0x00000000a239f6c0,0x00000000a6000000)
 Metaspace       used 57406K, capacity 58952K, committed 59028K, reserved 1099776K
  class space    used 7683K, capacity 8065K, committed 8124K, reserved 1048576K
}
Event: 25.573 GC heap before
{Heap before GC invocations=13 (full 3):
 PSYoungGen      total 207360K, used 12129K [0x00000000e0000000, 0x00000000ee380000, 0x0000000100000000)
  eden space 192000K, 0% used [0x00000000e0000000,0x00000000e0000000,0x00000000ebb80000)
  from space 15360K, 78% used [0x00000000ed480000,0x00000000ee058718,0x00000000ee380000)
  to   space 20480K, 0% used [0x00000000ebb80000,0x00000000ebb80000,0x00000000ecf80000)
 ParOldGen       total 98304K, used 36477K [0x00000000a0000000, 0x00000000a6000000, 0x00000000e0000000)
  object space 98304K, 37% used [0x00000000a0000000,0x00000000a239f6c0,0x00000000a6000000)
 Metaspace       used 57406K, capacity 58952K, committed 59028K, reserved 1099776K
  class space    used 7683K, capacity 8065K, committed 8124K, reserved 1048576K
Event: 25.758 GC heap after
Heap after GC invocations=13 (full 3):
 PSYoungGen      total 207360K, used 0K [0x00000000e0000000, 0x00000000ee380000, 0x0000000100000000)
  eden space 192000K, 0% used [0x00000000e0000000,0x00000000e0000000,0x00000000ebb80000)
  from space 15360K, 0% used [0x00000000ed480000,0x00000000ed480000,0x00000000ee380000)
  to   space 20480K, 0% used [0x00000000ebb80000,0x00000000ebb80000,0x00000000ecf80000)
 ParOldGen       total 145920K, used 33896K [0x00000000a0000000, 0x00000000a8e80000, 0x00000000e0000000)
  object space 145920K, 23% used [0x00000000a0000000,0x00000000a211a338,0x00000000a8e80000)
 Metaspace       used 57406K, capacity 58952K, committed 59028K, reserved 1099776K
  class space    used 7683K, capacity 8065K, committed 8124K, reserved 1048576K
}
Event: 37.982 GC heap before
{Heap before GC invocations=14 (full 3):
 PSYoungGen      total 207360K, used 191012K [0x00000000e0000000, 0x00000000ee380000, 0x0000000100000000)
  eden space 192000K, 99% used [0x00000000e0000000,0x00000000eba89268,0x00000000ebb80000)
  from space 15360K, 0% used [0x00000000ed480000,0x00000000ed480000,0x00000000ee380000)
  to   space 20480K, 0% used [0x00000000ebb80000,0x00000000ebb80000,0x00000000ecf80000)
 ParOldGen       total 145920K, used 33896K [0x00000000a0000000, 0x00000000a8e80000, 0x00000000e0000000)
  object space 145920K, 23% used [0x00000000a0000000,0x00000000a211a338,0x00000000a8e80000)
 Metaspace       used 68671K, capacity 70633K, committed 70804K, reserved 1110016K
  class space    used 9166K, capacity 9617K, committed 9660K, reserved 1048576K
Event: 38.005 GC heap after
Heap after GC invocations=14 (full 3):
 PSYoungGen      total 212480K, used 15208K [0x00000000e0000000, 0x00000000ee380000, 0x0000000100000000)
  eden space 192000K, 0% used [0x00000000e0000000,0x00000000e0000000,0x00000000ebb80000)
  from space 20480K, 74% used [0x00000000ebb80000,0x00000000eca5a2b8,0x00000000ecf80000)
  to   space 15360K, 0% used [0x00000000ed480000,0x00000000ed480000,0x00000000ee380000)
 ParOldGen       total 145920K, used 33904K [0x00000000a0000000, 0x00000000a8e80000, 0x00000000e0000000)
  object space 145920K, 23% used [0x00000000a0000000,0x00000000a211c338,0x00000000a8e80000)
 Metaspace       used 68671K, capacity 70633K, committed 70804K, reserved 1110016K
  class space    used 9166K, capacity 9617K, committed 9660K, reserved 1048576K
}
Event: 46.021 GC heap before
{Heap before GC invocations=15 (full 3):
 PSYoungGen      total 212480K, used 207208K [0x00000000e0000000, 0x00000000ee380000, 0x0000000100000000)
  eden space 192000K, 100% used [0x00000000e0000000,0x00000000ebb80000,0x00000000ebb80000)
  from space 20480K, 74% used [0x00000000ebb80000,0x00000000eca5a2b8,0x00000000ecf80000)
  to   space 15360K, 0% used [0x00000000ed480000,0x00000000ed480000,0x00000000ee380000)
 ParOldGen       total 145920K, used 33904K [0x00000000a0000000, 0x00000000a8e80000, 0x00000000e0000000)
  object space 145920K, 23% used [0x00000000a0000000,0x00000000a211c338,0x00000000a8e80000)
 Metaspace       used 77001K, capacity 80005K, committed 80148K, reserved 1118208K
  class space    used 10179K, capacity 10809K, committed 10812K, reserved 1048576K
Event: 46.052 GC heap after
Heap after GC invocations=15 (full 3):
 PSYoungGen      total 207360K, used 15334K [0x00000000e0000000, 0x00000000ee380000, 0x0000000100000000)
  eden space 192000K, 0% used [0x00000000e0000000,0x00000000e0000000,0x00000000ebb80000)
  from space 15360K, 99% used [0x00000000ed480000,0x00000000ee379ae0,0x00000000ee380000)
  to   space 20480K, 0% used [0x00000000ebb80000,0x00000000ebb80000,0x00000000ecf80000)
 ParOldGen       total 145920K, used 42621K [0x00000000a0000000, 0x00000000a8e80000, 0x00000000e0000000)
  object space 145920K, 29% used [0x00000000a0000000,0x00000000a299f548,0x00000000a8e80000)
 Metaspace       used 77001K, capacity 80005K, committed 80148K, reserved 1118208K
  class space    used 10179K, capacity 10809K, committed 10812K, reserved 1048576K
}

