# JRE version: OpenJDK Runtime Environment (8.0_152-b02) (build 1.8.0_152-release-1024-b02)
# Java VM: OpenJDK 64-Bit Server VM (25.152-b02 mixed mode windows-amd64 compressed oops)
Heap:
 PSYoungGen      total 226304K, used 136699K [0x00000000e0000000, 0x00000000f1e00000, 0x0000000100000000)
  eden space 201728K, 59% used [0x00000000e0000000,0x00000000e7563b70,0x00000000ec500000)
  from space 24576K, 67% used [0x00000000ec500000,0x00000000ed51b1d0,0x00000000edd00000)
  to   space 25088K, 0% used [0x00000000f0580000,0x00000000f0580000,0x00000000f1e00000)
 ParOldGen       total 152576K, used 45869K [0x00000000a0000000, 0x00000000a9500000, 0x00000000e0000000)
  object space 152576K, 30% used [0x00000000a0000000,0x00000000a2ccb600,0x00000000a9500000)
 Metaspace       used 69117K, capacity 71699K, committed 71808K, reserved 1112064K
  class space    used 9223K, capacity 9825K, committed 9856K, reserved 1048576K
GC Heap History (10 events):
Event: 7.493 GC heap before
{Heap before GC invocations=10 (full 2):
 PSYoungGen      total 140800K, used 131072K [0x00000000e0000000, 0x00000000ebe00000, 0x0000000100000000)
  eden space 131072K, 100% used [0x00000000e0000000,0x00000000e8000000,0x00000000e8000000)
  from space 9728K, 0% used [0x00000000e8000000,0x00000000e8000000,0x00000000e8980000)
  to   space 13312K, 0% used [0x00000000eb100000,0x00000000eb100000,0x00000000ebe00000)
 ParOldGen       total 97792K, used 20950K [0x00000000a0000000, 0x00000000a5f80000, 0x00000000e0000000)
  object space 97792K, 21% used [0x00000000a0000000,0x00000000a1475b18,0x00000000a5f80000)
 Metaspace       used 43470K, capacity 44498K, committed 44672K, reserved 1087488K
  class space    used 5966K, capacity 6265K, committed 6272K, reserved 1048576K
Event: 7.513 GC heap after
Heap after GC invocations=10 (full 2):
 PSYoungGen      total 178688K, used 13297K [0x00000000e0000000, 0x00000000ed500000, 0x0000000100000000)
  eden space 165376K, 0% used [0x00000000e0000000,0x00000000e0000000,0x00000000ea180000)
  from space 13312K, 99% used [0x00000000eb100000,0x00000000ebdfc7c0,0x00000000ebe00000)
  to   space 15872K, 0% used [0x00000000ea180000,0x00000000ea180000,0x00000000eb100000)
 ParOldGen       total 97792K, used 22255K [0x00000000a0000000, 0x00000000a5f80000, 0x00000000e0000000)
  object space 97792K, 22% used [0x00000000a0000000,0x00000000a15bbc70,0x00000000a5f80000)
 Metaspace       used 43470K, capacity 44498K, committed 44672K, reserved 1087488K
  class space    used 5966K, capacity 6265K, committed 6272K, reserved 1048576K
}
Event: 10.149 GC heap before
{Heap before GC invocations=11 (full 2):
 PSYoungGen      total 178688K, used 178673K [0x00000000e0000000, 0x00000000ed500000, 0x0000000100000000)
  eden space 165376K, 100% used [0x00000000e0000000,0x00000000ea180000,0x00000000ea180000)
  from space 13312K, 99% used [0x00000000eb100000,0x00000000ebdfc7c0,0x00000000ebe00000)
  to   space 15872K, 0% used [0x00000000ea180000,0x00000000ea180000,0x00000000eb100000)
 ParOldGen       total 97792K, used 22255K [0x00000000a0000000, 0x00000000a5f80000, 0x00000000e0000000)
  object space 97792K, 22% used [0x00000000a0000000,0x00000000a15bbc70,0x00000000a5f80000)
 Metaspace       used 55888K, capacity 57604K, committed 57856K, reserved 1099776K
  class space    used 7676K, capacity 8095K, committed 8192K, reserved 1048576K
Event: 10.173 GC heap after
Heap after GC invocations=11 (full 2):
 PSYoungGen      total 181248K, used 15853K [0x00000000e0000000, 0x00000000ef200000, 0x0000000100000000)
  eden space 165376K, 0% used [0x00000000e0000000,0x00000000e0000000,0x00000000ea180000)
  from space 15872K, 99% used [0x00000000ea180000,0x00000000eb0fb520,0x00000000eb100000)
  to   space 21504K, 0% used [0x00000000edd00000,0x00000000edd00000,0x00000000ef200000)
 ParOldGen       total 97792K, used 30672K [0x00000000a0000000, 0x00000000a5f80000, 0x00000000e0000000)
  object space 97792K, 31% used [0x00000000a0000000,0x00000000a1df43c0,0x00000000a5f80000)
 Metaspace       used 55888K, capacity 57604K, committed 57856K, reserved 1099776K
  class space    used 7676K, capacity 8095K, committed 8192K, reserved 1048576K
}
Event: 10.979 GC heap before
{Heap before GC invocations=12 (full 2):
 PSYoungGen      total 181248K, used 127013K [0x00000000e0000000, 0x00000000ef200000, 0x0000000100000000)
  eden space 165376K, 67% used [0x00000000e0000000,0x00000000e6c8e070,0x00000000ea180000)
  from space 15872K, 99% used [0x00000000ea180000,0x00000000eb0fb520,0x00000000eb100000)
  to   space 21504K, 0% used [0x00000000edd00000,0x00000000edd00000,0x00000000ef200000)
 ParOldGen       total 97792K, used 30672K [0x00000000a0000000, 0x00000000a5f80000, 0x00000000e0000000)
  object space 97792K, 31% used [0x00000000a0000000,0x00000000a1df43c0,0x00000000a5f80000)
 Metaspace       used 57064K, capacity 58802K, committed 59008K, reserved 1099776K
  class space    used 7854K, capacity 8316K, committed 8320K, reserved 1048576K
Event: 11.008 GC heap after
Heap after GC invocations=12 (full 2):
 PSYoungGen      total 223232K, used 21255K [0x00000000e0000000, 0x00000000eff00000, 0x0000000100000000)
  eden space 201728K, 0% used [0x00000000e0000000,0x00000000e0000000,0x00000000ec500000)
  from space 21504K, 98% used [0x00000000edd00000,0x00000000ef1c1fb0,0x00000000ef200000)
  to   space 24576K, 0% used [0x00000000ec500000,0x00000000ec500000,0x00000000edd00000)
 ParOldGen       total 97792K, used 38114K [0x00000000a0000000, 0x00000000a5f80000, 0x00000000e0000000)
  object space 97792K, 38% used [0x00000000a0000000,0x00000000a2538b08,0x00000000a5f80000)
 Metaspace       used 57064K, capacity 58802K, committed 59008K, reserved 1099776K
  class space    used 7854K, capacity 8316K, committed 8320K, reserved 1048576K
}
Event: 11.008 GC heap before
{Heap before GC invocations=13 (full 3):
 PSYoungGen      total 223232K, used 21255K [0x00000000e0000000, 0x00000000eff00000, 0x0000000100000000)
  eden space 201728K, 0% used [0x00000000e0000000,0x00000000e0000000,0x00000000ec500000)
  from space 21504K, 98% used [0x00000000edd00000,0x00000000ef1c1fb0,0x00000000ef200000)
  to   space 24576K, 0% used [0x00000000ec500000,0x00000000ec500000,0x00000000edd00000)
 ParOldGen       total 97792K, used 38114K [0x00000000a0000000, 0x00000000a5f80000, 0x00000000e0000000)
  object space 97792K, 38% used [0x00000000a0000000,0x00000000a2538b08,0x00000000a5f80000)
 Metaspace       used 57064K, capacity 58802K, committed 59008K, reserved 1099776K
  class space    used 7854K, capacity 8316K, committed 8320K, reserved 1048576K
Event: 11.257 GC heap after
Heap after GC invocations=13 (full 3):
 PSYoungGen      total 223232K, used 0K [0x00000000e0000000, 0x00000000eff00000, 0x0000000100000000)
  eden space 201728K, 0% used [0x00000000e0000000,0x00000000e0000000,0x00000000ec500000)
  from space 21504K, 0% used [0x00000000edd00000,0x00000000edd00000,0x00000000ef200000)
  to   space 24576K, 0% used [0x00000000ec500000,0x00000000ec500000,0x00000000edd00000)
 ParOldGen       total 152576K, used 45861K [0x00000000a0000000, 0x00000000a9500000, 0x00000000e0000000)
  object space 152576K, 30% used [0x00000000a0000000,0x00000000a2cc9600,0x00000000a9500000)
 Metaspace       used 57064K, capacity 58802K, committed 59008K, reserved 1099776K
  class space    used 7854K, capacity 8316K, committed 8320K, reserved 1048576K
}
Event: 18.348 GC heap before
{Heap before GC invocations=14 (full 3):
 PSYoungGen      total 223232K, used 201728K [0x00000000e0000000, 0x00000000eff00000, 0x0000000100000000)
  eden space 201728K, 100% used [0x00000000e0000000,0x00000000ec500000,0x00000000ec500000)
  from space 21504K, 0% used [0x00000000edd00000,0x00000000edd00000,0x00000000ef200000)
  to   space 24576K, 0% used [0x00000000ec500000,0x00000000ec500000,0x00000000edd00000)
 ParOldGen       total 152576K, used 45861K [0x00000000a0000000, 0x00000000a9500000, 0x00000000e0000000)
  object space 152576K, 30% used [0x00000000a0000000,0x00000000a2cc9600,0x00000000a9500000)
 Metaspace       used 66112K, capacity 68545K, committed 68608K, reserved 1107968K
  class space    used 8857K, capacity 9460K, committed 9472K, reserved 1048576K
Event: 18.367 GC heap after
Heap after GC invocations=14 (full 3):
 PSYoungGen      total 226304K, used 16492K [0x00000000e0000000, 0x00000000f1e00000, 0x0000000100000000)
  eden space 201728K, 0% used [0x00000000e0000000,0x00000000e0000000,0x00000000ec500000)
  from space 24576K, 67% used [0x00000000ec500000,0x00000000ed51b1d0,0x00000000edd00000)
  to   space 25088K, 0% used [0x00000000f0580000,0x00000000f0580000,0x00000000f1e00000)
 ParOldGen       total 152576K, used 45869K [0x00000000a0000000, 0x00000000a9500000, 0x00000000e0000000)
  object space 152576K, 30% used [0x00000000a0000000,0x00000000a2ccb600,0x00000000a9500000)
 Metaspace       used 66112K, capacity 68545K, committed 68608K, reserved 1107968K
  class space    used 8857K, capacity 9460K, committed 9472K, reserved 1048576K
}

